  Corrector.cpp
C:\Users\gokum\OneDrive\Documentos\quisodecirAlumnosVisual2022\quisodecirAlumnos\quisodecir\Corrector.cpp(21,19): warning C4309: '=': truncamiento de valor constante
  (compilando archivo de origen "/Corrector.cpp")
  
C:\Users\gokum\OneDrive\Documentos\quisodecirAlumnosVisual2022\quisodecirAlumnos\quisodecir\Corrector.cpp(21,41): warning C4309: '=': truncamiento de valor constante
  (compilando archivo de origen "/Corrector.cpp")
  
C:\Users\gokum\OneDrive\Documentos\quisodecirAlumnosVisual2022\quisodecirAlumnos\quisodecir\Corrector.cpp(22,19): warning C4309: '=': truncamiento de valor constante
  (compilando archivo de origen "/Corrector.cpp")
  
C:\Users\gokum\OneDrive\Documentos\quisodecirAlumnosVisual2022\quisodecirAlumnos\quisodecir\Corrector.cpp(22,41): warning C4309: '=': truncamiento de valor constante
  (compilando archivo de origen "/Corrector.cpp")
  
C:\Users\gokum\OneDrive\Documentos\quisodecirAlumnosVisual2022\quisodecirAlumnos\quisodecir\Corrector.cpp(23,19): warning C4309: '=': truncamiento de valor constante
  (compilando archivo de origen "/Corrector.cpp")
  
C:\Users\gokum\OneDrive\Documentos\quisodecirAlumnosVisual2022\quisodecirAlumnos\quisodecir\Corrector.cpp(23,41): warning C4309: '=': truncamiento de valor constante
  (compilando archivo de origen "/Corrector.cpp")
  
C:\Users\gokum\OneDrive\Documentos\quisodecirAlumnosVisual2022\quisodecirAlumnos\quisodecir\Corrector.cpp(51,21): warning C4018: '<': no coinciden signed/unsigned
  (compilando archivo de origen "/Corrector.cpp")
  
C:\Users\gokum\OneDrive\Documentos\quisodecirAlumnosVisual2022\quisodecirAlumnos\quisodecir\Corrector.cpp(41,13): warning C4996: 'fopen': This function or variable may be unsafe. Consider using fopen_s instead. To disable deprecation, use _CRT_SECURE_NO_WARNINGS. See online help for details.
  (compilando archivo de origen "/Corrector.cpp")
  
C:\Users\gokum\OneDrive\Documentos\quisodecirAlumnosVisual2022\quisodecirAlumnos\quisodecir\Corrector.cpp(91,20): warning C4018: '<': no coinciden signed/unsigned
  (compilando archivo de origen "/Corrector.cpp")
  
C:\Users\gokum\OneDrive\Documentos\quisodecirAlumnosVisual2022\quisodecirAlumnos\quisodecir\Corrector.cpp(99,16): warning C4018: '<': no coinciden signed/unsigned
  (compilando archivo de origen "/Corrector.cpp")
  
C:\Users\gokum\OneDrive\Documentos\quisodecirAlumnosVisual2022\quisodecirAlumnos\quisodecir\Corrector.cpp(102,20): warning C4018: '<': no coinciden signed/unsigned
  (compilando archivo de origen "/Corrector.cpp")
  
C:\Users\gokum\OneDrive\Documentos\quisodecirAlumnosVisual2022\quisodecirAlumnos\quisodecir\Corrector.cpp(111,20): warning C4018: '<': no coinciden signed/unsigned
  (compilando archivo de origen "/Corrector.cpp")
  
C:\Users\gokum\OneDrive\Documentos\quisodecirAlumnosVisual2022\quisodecirAlumnos\quisodecir\Corrector.cpp(112,21): warning C4018: '<': no coinciden signed/unsigned
  (compilando archivo de origen "/Corrector.cpp")
  
C:\Users\gokum\OneDrive\Documentos\quisodecirAlumnosVisual2022\quisodecirAlumnos\quisodecir\Corrector.cpp(121,20): warning C4018: '<': no coinciden signed/unsigned
  (compilando archivo de origen "/Corrector.cpp")
  
C:\Users\gokum\OneDrive\Documentos\quisodecirAlumnosVisual2022\quisodecirAlumnos\quisodecir\Corrector.cpp(105,4): warning C4996: 'strcpy': This function or variable may be unsafe. Consider using strcpy_s instead. To disable deprecation, use _CRT_SECURE_NO_WARNINGS. See online help for details.
  (compilando archivo de origen "/Corrector.cpp")
  
  quisodecir.vcxproj -> C:\Users\gokum\OneDrive\Documentos\quisodecirAlumnosVisual2022\quisodecirAlumnos\Debug\quisodecir.exe
